2025030218:41
___
Date: 02-03-2025 | 18:41
Tags: #
mapofcontents: [[zero-links|OO Links]]
___
## Что делать если тормозит запрос к базе? 
## Explain и Explain Analyze, отличия.

Если запрос к базе данных тормозит, нужно разобраться, почему это происходит, и оптимизировать его. Основные инструменты для анализа в большинстве СУБД (например, PostgreSQL) — это команды `EXPLAIN` и `EXPLAIN ANALYZE`. 
Что делать, как использовать эти команды, и чем они отличаются

---
### Что делать, если запрос тормозит?

#### 1. Понять проблему

- Проверьте, сколько времени занимает запрос (например, через логи или профилирование).
- Определите, что замедляет: объем данных, отсутствие индексов, сложные соединения и т.д.
#### 2. Проанализировать запрос с EXPLAIN

- Используйте `EXPLAIN`, чтобы увидеть план выполнения запроса — как база собирается его обрабатывать.
#### 3. Измерить реальное время с EXPLAIN ANALYZE

- Добавьте `ANALYZE`, чтобы выполнить запрос и получить реальные показатели времени и объема данных.
#### 4. Оптимизировать

- Добавить индексы.
- Упростить запрос (убрать лишние JOIN, подзапросы).
- Переписать условия или изменить структуру данных.

---
### EXPLAIN vs EXPLAIN ANALYZE

#### 1. EXPLAIN
  
- **Что делает**: Показывает **план выполнения** запроса, который база выбрала, но **не выполняет** его.
- **Вывод**: Описание шагов (сканирование, соединения, сортировка) с примерной стоимостью (cost).
- **Когда использовать**: Для быстрого анализа без влияния на базу.

**Пример:**
```sql
EXPLAIN SELECT * FROM users WHERE age > 30;
```

**Вывод (PostgreSQL)**:
```text
Seq Scan on users  (cost=0.00..22.50 rows=500 width=36)
  Filter: (age > 30)
```

- **Seq Scan**: Полное сканирование таблицы.
- **Cost**: Оценочная стоимость (0.00 — старт, 22.50 — итог).
- **Rows**: Ожидаемое число строк (500).
#### 2. EXPLAIN ANALYZE

- **Что делает**: Выполняет запрос и показывает **реальный план** с фактическим временем и количеством строк.
- **Вывод**: План + статистика выполнения (время, строки, циклы).
- **Когда использовать**: Для точного анализа производительности.

**Пример:**
```sql
EXPLAIN ANALYZE SELECT * FROM users WHERE age > 30;
```

**Вывод**:
```text
Seq Scan on users  (cost=0.00..22.50 rows=500 width=36) (actual time=0.015..0.120 rows=450 loops=1)
  Filter: (age > 30)
  Planning Time: 0.050 ms
  Execution Time: 0.150 ms
```

- **Actual time**: Реальное время (0.015 мс — старт, 0.120 мс — итог).
- **Rows**: Фактическое число строк (450).
- **Loops**: Сколько раз выполнен шаг (1).
#### Отличия

|Характеристика|EXPLAIN|EXPLAIN ANALYZE|
|---|---|---|
|**Выполнение запроса**|Нет (только план)|Да (выполняет запрос)|
|**Вывод**|Оценочная стоимость|Реальные время и строки|
|**Влияние на базу**|Нет|Да (например, INSERT сработает)|
|**Скорость анализа**|Быстрее|Медленнее (выполняет)|
|**Точность**|Предположения|Фактические данные|

**Примечание**: Не используйте `EXPLAIN ANALYZE` для `INSERT`, `UPDATE`, `DELETE` в продакшене, так как изменения применятся.

---
### Что искать в выводе?

1. **Seq Scan**:  
    - Полное сканирование таблицы → нет индекса или он не используется.
    - Решение: Добавить индекс на фильтруемый столбец (например, `CREATE INDEX idx_age ON users(age)`).
2. **Index Scan**:  
    - Используется индекс → хорошо, но проверьте, оптимален ли он.
3. **Nested Loop / Hash Join**:  
    - Соединения таблиц. Если дорого (high cost), оптимизируйте `JOIN` или индексы.
4. **Sort**:  
    - Сортировка данных → может быть медленной без индекса на `ORDER BY`.
5. **Rows**:  
    - Если фактическое число строк сильно отличается от ожидаемого, обновите статистику (`ANALYZE`).

---
### Пошаговый план оптимизации

#### Пример: Медленный запрос

```sql
SELECT u.name, o.amount
FROM users u
JOIN orders o ON u.id = o.user_id
WHERE u.age > 30
ORDER BY o.amount;
```

1. **Запустить EXPLAIN**
```sql
EXPLAIN SELECT u.name, o.amount FROM users u JOIN orders o ON u.id = o.user_id WHERE u.age > 30 ORDER BY o.amount;
```

**Вывод:**
```text
Sort  (cost=100.00..110.00 rows=1000 width=40)
  -> Nested Loop  (cost=0.00..90.00 rows=1000 width=40)
       -> Seq Scan on users u  (cost=0.00..20.00 rows=500 width=36)
            Filter: (age > 30)
       -> Seq Scan on orders o  (cost=0.00..50.00 rows=2 width=4)
```

- Проблема: `Seq Scan` на `users` и `orders`, сортировка.

2. **Добавить индексы**
```sql
CREATE INDEX idx_users_age ON users(age);
CREATE INDEX idx_orders_user_id ON orders(user_id);
CREATE INDEX idx_orders_amount ON orders(amount);
```

3. **Проверить с EXPLAIN ANALYZE**
```sql
EXPLAIN ANALYZE SELECT u.name, o.amount FROM users u JOIN orders o ON u.id = o.user_id WHERE u.age > 30 ORDER BY o.amount;
```

**Вывод:**
```text
Index Scan using idx_orders_amount on orders o  (actual time=0.010..0.050 rows=1000 loops=1)
  -> Index Scan using idx_users_age on users u  (actual time=0.005..0.020 rows=450 loops=1)
       Filter: (age > 30)
```

- Теперь используются индексы, время сократилось.
- **Дополнительно**:  
    - Если всё ещё медленно, проверьте объем данных, статистику (`ANALYZE`), или упростите запрос.

---
### Итог

- **Если тормозит**: Используйте `EXPLAIN` для плана, `EXPLAIN ANALYZE` для реальных данных.
- **EXPLAIN**: Показывает, что база планирует, без выполнения.
- **EXPLAIN ANALYZE**: Выполняет запрос и дает точные метрики.
- **Оптимизация**: Добавляйте индексы, упрощайте запросы, проверяйте статистику.


-----
**Zero-Links**  (Внутренние ссылки) Линки - ключевые слова
-

------
**Links** (Внешние ссылки)
-
